<?xml version="1.0" encoding="UTF-8"?>
<!-- Generated by org.testng.reporters.JUnitXMLReporter -->
<testsuite hostname="msi-l1232" ignored="0" name="Test" tests="1" failures="1" timestamp="03 Dec 2017 08:54:08 GMT" time="23.557" errors="0">
  <testcase name="testlogin" time="10.757" classname="scripts.TestLogin">
    <failure type="java.lang.AssertionError" message="The following asserts failed:
	expected [actiTime12-Enter Time-tracker123] but found [actiTIME - Enter Time-Track]">
      <![CDATA[java.lang.AssertionError: The following asserts failed:
	expected [actiTime12-Enter Time-tracker123] but found [actiTIME - Enter Time-Track]
	at scripts.TestLogin.testlogin(TestLogin.java:33)
... Removed 26 stack frames]]>
    </failure>
  </testcase> <!-- testlogin -->
</testsuite> <!-- Test -->
